1669739435724:ssh -s test
1669739444234:ssh test
1669739453292:sad
1669739460291:?
1669739970363:ssh server1
1669739980312:treminate server1
1669739983155:terminate server1
1669747635044:logint
1669747636499:login
1669747645827:login --username pero --password pswd
1669747656929:?
1669747664481:help
1669747897598:logout
1669748409803:login
1669748418729:login --username user --password pw
1669748420196:l
1669748423354:logout
1669748625659:login --username petar --password pw
1669748635088:logout
1669748668701:help
1669748681346:login --username buco --password pw
1669748685455:logout
1669754805492:admin
